app/build/outputs/mapping/release/usage.txt
androidx.core.content.MimeTypeFilter
androidx.core.content.PermissionChecker$PermissionResult
androidx.core.content.PermissionChecker
androidx.core.content.SharedPreferencesCompat$EditorCompat$Helper
androidx.core.content.SharedPreferencesCompat$EditorCompat
androidx.core.content.SharedPreferencesCompat
androidx.core.content.pm.ActivityInfoCompat
androidx.core.content.pm.PackageInfoCompat
androidx.core.content.pm.PermissionInfoCompat$Protection
androidx.core.content.pm.PermissionInfoCompat$ProtectionFlags
androidx.core.content.pm.PermissionInfoCompat
androidx.core.content.pm.ShortcutInfoCompat$Builder
androidx.core.content.pm.ShortcutInfoCompat
androidx.core.content.pm.ShortcutInfoCompatSaver$NoopImpl
androidx.core.content.pm.ShortcutInfoCompatSaver
androidx.core.content.pm.ShortcutManagerCompat$1
androidx.core.content.pm.ShortcutManagerCompat
androidx.core.content.res.ColorStateListInflaterCompat
androidx.core.content.res.ComplexColorCompat
androidx.core.content.res.ConfigurationHelper
androidx.core.content.res.FontResourcesParserCompat$FamilyResourceEntry
androidx.core.content.res.FontResourcesParserCompat$FetchStrategy
androidx.core.content.res.FontResourcesParserCompat$FontFamilyFilesResourceEntry
androidx.core.content.res.FontResourcesParserCompat$FontFileResourceEntry
androidx.core.content.res.FontResourcesParserCompat$ProviderResourceEntry
androidx.core.content.res.FontResourcesParserCompat
androidx.core.content.res.GradientColorInflaterCompat$ColorStops
androidx.core.content.res.GradientColorInflaterCompat
androidx.core.content.res.GrowingArrayUtils
androidx.core.content.res.ResourcesCompat$FontCallback$1
androidx.core.content.res.ResourcesCompat$FontCallback$2
androidx.core.content.res.ResourcesCompat$FontCallback
androidx.core.content.res.ResourcesCompat
androidx.core.content.res.TypedArrayUtils
androidx.core.database.CursorWindowCompat
androidx.core.database.DatabaseUtilsCompat
androidx.core.database.sqlite.SQLiteCursorCompat
androidx.core.graphics.BitmapCompat
androidx.core.graphics.ColorUtils
androidx.core.graphics.PaintCompat
androidx.core.graphics.PathParser$ExtractFloatResult
androidx.core.graphics.PathParser$PathDataNode
androidx.core.graphics.PathParser
androidx.core.graphics.PathSegment
androidx.core.graphics.PathUtils
androidx.core.graphics.TypefaceCompat
androidx.core.graphics.TypefaceCompatApi21Impl
androidx.core.graphics.TypefaceCompatApi24Impl
androidx.core.graphics.TypefaceCompatApi26Impl
androidx.core.graphics.TypefaceCompatApi28Impl
androidx.core.graphics.TypefaceCompatBaseImpl$1
androidx.core.graphics.TypefaceCompatBaseImpl$2
androidx.core.graphics.TypefaceCompatBaseImpl$StyleExtractor
androidx.core.graphics.TypefaceCompatBaseImpl
androidx.core.graphics.TypefaceCompatUtil